
> @itineramio/web@2.0.0 dev
> next dev --port 3000

   ▲ Next.js 15.3.3
   - Local:        http://localhost:3000
   - Network:      http://192.168.1.137:3000
   - Environments: .env.local

 ✓ Starting...
 ✓ Ready in 1278ms
 ✓ Compiled /middleware in 151ms (108 modules)
 ○ Compiling / ...
 ✓ Compiled / in 2.2s (926 modules)
 HEAD / 200 in 2431ms
 ✓ Compiled in 390ms (422 modules)
 ✓ Compiled in 331ms (422 modules)
 ✓ Compiled in 174ms (422 modules)
 ✓ Compiled in 243ms (422 modules)
 ✓ Compiled in 264ms (422 modules)
 ✓ Compiled in 126ms (422 modules)
 ✓ Compiled in 153ms (422 modules)
 ✓ Compiled in 188ms (422 modules)
 ✓ Compiled in 140ms (422 modules)
 ✓ Compiled in 132ms (422 modules)
 ✓ Compiled in 118ms (422 modules)
 ✓ Compiled in 235ms (422 modules)
 ✓ Compiled in 247ms (422 modules)
 ✓ Compiled in 129ms (422 modules)
 ✓ Compiled in 125ms (422 modules)
 ✓ Compiled in 350ms (516 modules)
 ✓ Compiled in 171ms (422 modules)
 ✓ Compiled in 124ms (422 modules)
 ✓ Compiled in 137ms (422 modules)
 ✓ Compiled in 173ms (422 modules)
 ✓ Compiled /api/public/properties/[id] in 334ms (495 modules)
🔍 Public Property endpoint - received ID: cmcax421e0001jx04lg9szpxg
prisma:query SELECT "public"."properties"."id", "public"."properties"."hostId", "public"."properties"."organizationId", "public"."properties"."buildingId", "public"."properties"."propertySetId", "public"."properties"."name", "public"."properties"."description", "public"."properties"."street", "public"."properties"."city", "public"."properties"."state", "public"."properties"."country", "public"."properties"."postalCode", "public"."properties"."type", "public"."properties"."bedrooms", "public"."properties"."bathrooms", "public"."properties"."maxGuests", "public"."properties"."squareMeters", "public"."properties"."defaultLanguages", "public"."properties"."isPublished", "public"."properties"."profileImage", "public"."properties"."hostContactName", "public"."properties"."hostContactPhone", "public"."properties"."hostContactEmail", "public"."properties"."hostContactLanguage", "public"."properties"."hostContactPhoto", "public"."properties"."status", "public"."properties"."createdAt", "public"."properties"."updatedAt", "public"."properties"."publishedAt", "public"."properties"."slug" FROM "public"."properties" WHERE ("public"."properties"."id" = $1 AND "public"."properties"."isPublished" = $2) LIMIT $3 OFFSET $4
prisma:query SELECT "public"."properties"."id", "public"."properties"."hostId", "public"."properties"."organizationId", "public"."properties"."buildingId", "public"."properties"."propertySetId", "public"."properties"."name", "public"."properties"."description", "public"."properties"."street", "public"."properties"."city", "public"."properties"."state", "public"."properties"."country", "public"."properties"."postalCode", "public"."properties"."type", "public"."properties"."bedrooms", "public"."properties"."bathrooms", "public"."properties"."maxGuests", "public"."properties"."squareMeters", "public"."properties"."defaultLanguages", "public"."properties"."isPublished", "public"."properties"."profileImage", "public"."properties"."hostContactName", "public"."properties"."hostContactPhone", "public"."properties"."hostContactEmail", "public"."properties"."hostContactLanguage", "public"."properties"."hostContactPhoto", "public"."properties"."status", "public"."properties"."createdAt", "public"."properties"."updatedAt", "public"."properties"."publishedAt", "public"."properties"."slug" FROM "public"."properties" WHERE ("public"."properties"."id"::text LIKE $1 AND "public"."properties"."isPublished" = $2) OFFSET $3
🔍 Public Property found: false
 GET /api/public/properties/cmcax421e0001jx04lg9szpxg 404 in 1659ms
🔍 Public Property endpoint - received ID: cmcax421e0001jx04lg9szpxg
prisma:query SELECT 1
prisma:query SELECT "public"."properties"."id", "public"."properties"."hostId", "public"."properties"."organizationId", "public"."properties"."buildingId", "public"."properties"."propertySetId", "public"."properties"."name", "public"."properties"."description", "public"."properties"."street", "public"."properties"."city", "public"."properties"."state", "public"."properties"."country", "public"."properties"."postalCode", "public"."properties"."type", "public"."properties"."bedrooms", "public"."properties"."bathrooms", "public"."properties"."maxGuests", "public"."properties"."squareMeters", "public"."properties"."defaultLanguages", "public"."properties"."isPublished", "public"."properties"."profileImage", "public"."properties"."hostContactName", "public"."properties"."hostContactPhone", "public"."properties"."hostContactEmail", "public"."properties"."hostContactLanguage", "public"."properties"."hostContactPhoto", "public"."properties"."status", "public"."properties"."createdAt", "public"."properties"."updatedAt", "public"."properties"."publishedAt", "public"."properties"."slug" FROM "public"."properties" WHERE ("public"."properties"."id" = $1 AND "public"."properties"."isPublished" = $2) LIMIT $3 OFFSET $4
prisma:query SELECT "public"."properties"."id", "public"."properties"."hostId", "public"."properties"."organizationId", "public"."properties"."buildingId", "public"."properties"."propertySetId", "public"."properties"."name", "public"."properties"."description", "public"."properties"."street", "public"."properties"."city", "public"."properties"."state", "public"."properties"."country", "public"."properties"."postalCode", "public"."properties"."type", "public"."properties"."bedrooms", "public"."properties"."bathrooms", "public"."properties"."maxGuests", "public"."properties"."squareMeters", "public"."properties"."defaultLanguages", "public"."properties"."isPublished", "public"."properties"."profileImage", "public"."properties"."hostContactName", "public"."properties"."hostContactPhone", "public"."properties"."hostContactEmail", "public"."properties"."hostContactLanguage", "public"."properties"."hostContactPhoto", "public"."properties"."status", "public"."properties"."createdAt", "public"."properties"."updatedAt", "public"."properties"."publishedAt", "public"."properties"."slug" FROM "public"."properties" WHERE ("public"."properties"."id"::text LIKE $1 AND "public"."properties"."isPublished" = $2) OFFSET $3
🔍 Public Property found: false
 GET /api/public/properties/cmcax421e0001jx04lg9szpxg 404 in 205ms
 ✓ Compiled in 186ms (509 modules)
 ✓ Compiled in 250ms (423 modules)
 ✓ Compiled in 140ms (423 modules)
 ✓ Compiled /api/public/properties/[id] in 88ms (86 modules)
🔍 Public Property endpoint - received ID: cmcax421e0001jx04lg9szpxg
prisma:query SELECT 1
prisma:query SELECT "public"."properties"."id", "public"."properties"."hostId", "public"."properties"."organizationId", "public"."properties"."buildingId", "public"."properties"."propertySetId", "public"."properties"."name", "public"."properties"."description", "public"."properties"."street", "public"."properties"."city", "public"."properties"."state", "public"."properties"."country", "public"."properties"."postalCode", "public"."properties"."type", "public"."properties"."bedrooms", "public"."properties"."bathrooms", "public"."properties"."maxGuests", "public"."properties"."squareMeters", "public"."properties"."defaultLanguages", "public"."properties"."isPublished", "public"."properties"."profileImage", "public"."properties"."hostContactName", "public"."properties"."hostContactPhone", "public"."properties"."hostContactEmail", "public"."properties"."hostContactLanguage", "public"."properties"."hostContactPhoto", "public"."properties"."status", "public"."properties"."createdAt", "public"."properties"."updatedAt", "public"."properties"."publishedAt", "public"."properties"."slug" FROM "public"."properties" WHERE "public"."properties"."id" = $1 LIMIT $2 OFFSET $3
prisma:query SELECT "public"."properties"."id", "public"."properties"."hostId", "public"."properties"."organizationId", "public"."properties"."buildingId", "public"."properties"."propertySetId", "public"."properties"."name", "public"."properties"."description", "public"."properties"."street", "public"."properties"."city", "public"."properties"."state", "public"."properties"."country", "public"."properties"."postalCode", "public"."properties"."type", "public"."properties"."bedrooms", "public"."properties"."bathrooms", "public"."properties"."maxGuests", "public"."properties"."squareMeters", "public"."properties"."defaultLanguages", "public"."properties"."isPublished", "public"."properties"."profileImage", "public"."properties"."hostContactName", "public"."properties"."hostContactPhone", "public"."properties"."hostContactEmail", "public"."properties"."hostContactLanguage", "public"."properties"."hostContactPhoto", "public"."properties"."status", "public"."properties"."createdAt", "public"."properties"."updatedAt", "public"."properties"."publishedAt", "public"."properties"."slug" FROM "public"."properties" WHERE "public"."properties"."id"::text LIKE $1 OFFSET $2
🔍 Public Property found: false
 GET /api/public/properties/cmcax421e0001jx04lg9szpxg 404 in 480ms
