

> @itineramio/web@2.0.0 build /Users/alejandrosatlla/Documents/manualphi/apps/web
> rm -rf node_modules/.prisma && prisma generate && next build

[2mEnvironment variables loaded from .env[22m
[2mPrisma schema loaded from prisma/schema.prisma[22m


✔ Generated [1mPrisma Client[22m (v6.9.0)[2m to ./../../node_modules/@prisma/client[22m in 64ms

Start by importing your Prisma Client (See: https://pris.ly/d/importing-client)

Tip: Interested in query caching in just a few lines of code? Try Accelerate today! https://pris.ly/tip-3-accelerate

   [1m[38;2;173;127;168m▲ Next.js 15.3.3[39m[22m
   - Environments: .env.local, .env

 [37m[1m [22m[39m Creating an optimized production build ...
 [32m[1m✓[22m[39m Compiled successfully in 2000ms
[?25l [37m[1m [22m[39m Linting and checking validity of types  [36m.[39m[2K[1G [37m[1m [22m[39m Linting and checking validity of types  [36m..[39m[2K[1G [37m[1m [22m[39m Linting and checking validity of types  [36m...[39m[2K[1G [37m[1m [22m[39m Linting and checking validity of types  [36m.[39m[2K[1G [37m[1m [22m[39m Linting and checking validity of types  [36m..[39m[2K[1G [37m[1m [22m[39m Linting and checking validity of types  [36m...[39m[2K[1G [37m[1m [22m[39m Linting and checking validity of types  [36m.[39m[2K[1G [37m[1m [22m[39m Linting and checking validity of types  [36m..[39m[2K[1G [37m[1m [22m[39m Linting and checking validity of types  [36m...[39m[2K[1G [37m[1m [22m[39m Linting and checking validity of types  [36m.[39m[2K[1G [37m[1m [22m[39m Linting and checking validity of types  [36m..[39m[2K[1G [37m[1m [22m[39m Linting and checking validity of types  [36m...[39m[2K[1G [37m[1m [22m[39m Linting and checking validity of types  [36m.[39m[2K[1G [37m[1m [22m[39m Linting and checking validity of types  [36m..[39m[2K[1G [37m[1m [22m[39m Linting and checking validity of types  [36m...[39m[2K[1G [37m[1m [22m[39m Linting and checking validity of types  [36m.[39m[2K[1G[?25h [37m[1m [22m[39m Linting and checking validity of types     [32m[1m✓[22m[39m Linting and checking validity of types 
[?25l [37m[1m [22m[39m Collecting page data  [36m.[39m[2K[1G [37m[1m [22m[39m Collecting page data  [36m..[39m[2K[1G [37m[1m [22m[39m Collecting page data  [36m...[39m[2K[1G[?25h [37m[1m [22m[39m Collecting page data     [32m[1m✓[22m[39m Collecting page data 
[?25l [37m[1m [22m[39m Generating static pages (0/22)  [36m[    ][39m[2K[1G [37m[1m [22m[39m Generating static pages (0/22)  [36m[=   ][39m[2K[1G [37m[1m [22m[39m Generating static pages (10/22)  [36m[==  ][39m[2K[1G[?25h [32m[1m✓[22m[39m Generating static pages (22/22)
[?25l [37m[1m [22m[39m Finalizing page optimization  [36m.[39m[?25l [37m[1m [22m[39m Collecting build traces  [36m.[39m[2K[1G [37m[1m [22m[39m Finalizing page optimization  [36m..[39m[2K[1G [37m[1m [22m[39m Collecting build traces  [36m..[39m[2K[1G [37m[1m [22m[39m Finalizing page optimization  [36m...[39m[2K[1G [37m[1m [22m[39m Collecting build traces  [36m...[39m[2K[1G [37m[1m [22m[39m Finalizing page optimization  [36m.[39m[2K[1G [37m[1m [22m[39m Collecting build traces  [36m.[39m[2K[1G [37m[1m [22m[39m Finalizing page optimization  [36m..[39m[2K[1G [37m[1m [22m[39m Collecting build traces  [36m..[39m[2K[1G [37m[1m [22m[39m Finalizing page optimization  [36m...[39m[2K[1G [37m[1m [22m[39m Collecting build traces  [36m...[39m[2K[1G [37m[1m [22m[39m Finalizing page optimization  [36m.[39m[2K[1G [37m[1m [22m[39m Collecting build traces  [36m.[39m[2K[1G [37m[1m [22m[39m Finalizing page optimization  [36m..[39m[2K[1G [37m[1m [22m[39m Collecting build traces  [36m..[39m[2K[1G [37m[1m [22m[39m Finalizing page optimization  [36m...[39m[2K[1G [37m[1m [22m[39m Collecting build traces  [36m...[39m[2K[1G [37m[1m [22m[39m Finalizing page optimization  [36m.[39m[2K[1G [37m[1m [22m[39m Collecting build traces  [36m.[39m[2K[1G [37m[1m [22m[39m Finalizing page optimization  [36m..[39m[2K[1G [37m[1m [22m[39m Collecting build traces  [36m..[39m[2K[1G [37m[1m [22m[39m Finalizing page optimization  [36m...[39m[2K[1G [37m[1m [22m[39m Collecting build traces  [36m...[39m[2K[1G [37m[1m [22m[39m Finalizing page optimization  [36m.[39m[2K[1G [37m[1m [22m[39m Collecting build traces  [36m.[39m[2K[1G [37m[1m [22m[39m Finalizing page optimization  [36m..[39m[2K[1G [37m[1m [22m[39m Collecting build traces  [36m..[39m[2K[1G [37m[1m [22m[39m Finalizing page optimization  [36m...[39m[2K[1G [37m[1m [22m[39m Collecting build traces  [36m...[39m[2K[1G [37m[1m [22m[39m Finalizing page optimization  [36m.[39m[2K[1G [37m[1m [22m[39m Collecting build traces  [36m.[39m[2K[1G[?25h [37m[1m [22m[39m Collecting build traces     [32m[1m✓[22m[39m Collecting build traces 
[2K[1G [37m[1m [22m[39m Finalizing page optimization  [36m..[39m[2K[1G[?25h [37m[1m [22m[39m Finalizing page optimization     [32m[1m✓[22m[39m Finalizing page optimization 

[4mRoute (app)[24m                                                [4mSize[24m  [4mFirst Load JS[24m  [4m[24m  [4m[24m
┌ ○ /                                                     178 B         [37m[1m105 kB[22m[39m
├ ○ /_not-found                                           985 B         [37m[1m103 kB[22m[39m
├ ƒ /api/auth/login                                       187 B         [37m[1m102 kB[22m[39m
├ ƒ /api/auth/logout                                      187 B         [37m[1m102 kB[22m[39m
├ ƒ /api/auth/me                                          187 B         [37m[1m102 kB[22m[39m
├ ƒ /api/cleanup-blob-urls                                187 B         [37m[1m102 kB[22m[39m
├ ƒ /api/properties                                       187 B         [37m[1m102 kB[22m[39m
├ ƒ /api/properties/[id]                                  187 B         [37m[1m102 kB[22m[39m
├ ƒ /api/properties/[id]/toggle                           187 B         [37m[1m102 kB[22m[39m
├ ƒ /api/properties/[id]/zones                            187 B         [37m[1m102 kB[22m[39m
├ ƒ /api/properties/[id]/zones/[zoneId]                   187 B         [37m[1m102 kB[22m[39m
├ ƒ /api/properties/[id]/zones/[zoneId]/steps             187 B         [37m[1m102 kB[22m[39m
├ ƒ /api/properties/[id]/zones/[zoneId]/steps/[stepId]    187 B         [37m[1m102 kB[22m[39m
├ ƒ /api/property-sets                                    187 B         [37m[1m102 kB[22m[39m
├ ƒ /api/property-sets/[id]                               187 B         [37m[1m102 kB[22m[39m
├ ƒ /api/test-db                                          187 B         [37m[1m102 kB[22m[39m
├ ƒ /api/upload                                           187 B         [37m[1m102 kB[22m[39m
├ ○ /cookies                                            2.38 kB         [37m[1m149 kB[22m[39m
├ ○ /forgot-password                                    2.39 kB         [37m[1m149 kB[22m[39m
├ ƒ /guide/[propertyId]                                 4.35 kB         [37m[1m148 kB[22m[39m
├ ƒ /guide/[propertyId]/[zoneId]                        7.69 kB         [37m[1m154 kB[22m[39m
├ ○ /login                                              4.58 kB         [37m[1m151 kB[22m[39m
├ ○ /main                                               7.15 kB         [37m[1m200 kB[22m[39m
├ ○ /privacy                                            2.63 kB         [37m[1m149 kB[22m[39m
├ ○ /properties                                         5.83 kB         [37m[1m177 kB[22m[39m
├ ƒ /properties/[id]                                    5.18 kB         [37m[1m152 kB[22m[39m
├ ƒ /properties/[id]/steps                              2.43 kB         [37m[1m157 kB[22m[39m
├ ƒ /properties/[id]/zones                              21.6 kB         [37m[1m201 kB[22m[39m
├ ƒ /properties/[id]/zones/[zoneId]                     4.63 kB         [37m[1m151 kB[22m[39m
├ ƒ /properties/[id]/zones/[zoneId]/steps               6.14 kB         [37m[1m161 kB[22m[39m
├ ƒ /properties/[id]/zones/[zoneId]/steps/new           6.23 kB         [37m[1m142 kB[22m[39m
├ ƒ /properties/[id]/zones/new                          4.49 kB         [37m[1m140 kB[22m[39m
├ ○ /properties/new                                     12.6 kB         [37m[1m182 kB[22m[39m
├ ○ /property-sets/new                                  8.04 kB         [37m[1m177 kB[22m[39m
├ ○ /register                                           4.71 kB         [37m[1m154 kB[22m[39m
└ ○ /terms                                              2.98 kB         [37m[1m150 kB[22m[39m
+ First Load JS shared by all                            [37m[1m102 kB[22m[39m
  ├ chunks/8315-9806614f0a2159b1.js                     46.5 kB
  ├ chunks/87c73c54-f4538fcb48338e29.js                 53.2 kB
  └ other shared chunks (total)                         1.93 kB


ƒ Middleware                                            [37m[1m50.3 kB[22m[39m

○  (Static)   prerendered as static content
ƒ  (Dynamic)  server-rendered on demand

[?25h
